Arguments: 
  C:\Program Files\nodejs\node.exe C:\Users\abuza\AppData\Roaming\npm\node_modules\yarn\bin\yarn.js install

PATH: 
  C:\WINDOWS\system32;C:\WINDOWS;C:\WINDOWS\System32\Wbem;C:\WINDOWS\System32\WindowsPowerShell\v1.0\;C:\Program Files\nodejs\;C:\Program Files\Git\cmd;C:\WINDOWS\System32\OpenSSH\;C:\Users\abuza\AppData\Local\Microsoft\WindowsApps;C:\Users\abuza\AppData\Local\Programs\Microsoft VS Code\bin;C:\Users\abuza\AppData\Roaming\npm;C:\Users\abuza\AppData\Local\GitHubDesktop\bin;C:\Program Files (x86)\GitHub CLI\;C:\Program Files\heroku\bin

Yarn version: 
  1.22.15

Node version: 
  14.17.3

Platform: 
  win32 x64

Trace: 
  SyntaxError: F:\Security-Wire\security-wire-backend\package.json: Unexpected token < in JSON at position 798
      at JSON.parse (<anonymous>)
      at C:\Users\abuza\AppData\Roaming\npm\node_modules\yarn\lib\cli.js:1625:59
      at Generator.next (<anonymous>)
      at step (C:\Users\abuza\AppData\Roaming\npm\node_modules\yarn\lib\cli.js:310:30)
      at C:\Users\abuza\AppData\Roaming\npm\node_modules\yarn\lib\cli.js:321:13

npm manifest: 
  {
    "name": "natours",
    "version": "1.0.0",
    "description": "Learning node, express and mongoDB",
    "main": "app.js",
    "scripts": {
      "start": "nodemon server.js",
      "start:prod": "NODE_ENV=production nodemon server.js",
      "debug": "ndb server.js"
    },
    "author": "Jonas Schmedtmann",
    "license": "ISC",
    "dependencies": {
      "bcryptjs": "^2.4.3",
      "cors": "^2.8.5",
      "dotenv": "^7.0.0",
      "express": "^4.16.4",
      "express-mongo-sanitize": "^1.3.2",
      "express-rate-limit": "^3.5.0",
      "helmet": "^3.16.0",
      "hpp": "^0.2.2",
      "jsonwebtoken": "^8.5.1",
      "mongoose": "^5.13.12",
      "mongoose-schema-extend": "^0.2.2",
      "morgan": "^1.9.1",
      "multer": "^1.4.3",
      "nodemailer": "^6.6.3",
      "nodemailer-smtp-transport": "^2.7.4",
      "nodemon": "^2.0.12",
  <<<<<<< HEAD
      "p-iteration": "^1.1.8",
  =======
      "python": "0.0.4",
      "python-shell": "^3.0.0",
  >>>>>>> 42658cc7118901f0434f3f58608b4a3e3d1959cb
      "slugify": "^1.3.4",
      "stripe": "^8.170.0",
      "uuid": "^8.3.2",
      "validator": "^10.11.0",
      "xss-clean": "^0.1.1"
    },
    "devDependencies": {
      "eslint": "^5.16.0",
      "eslint-config-airbnb": "^17.1.0",
      "eslint-config-prettier": "^4.1.0",
      "eslint-plugin-import": "^2.17.2",
      "eslint-plugin-jsx-a11y": "^6.2.1",
      "eslint-plugin-node": "^8.0.1",
      "eslint-plugin-prettier": "^3.0.1",
      "eslint-plugin-react": "^7.12.4",
      "prettier": "^1.17.0"
    },
    "engines": {
      "node": ">=10.0.0"
    }
  }

yarn manifest: 
  No manifest

Lockfile: 
  No lockfile
